<?xml version="1.0" encoding="UTF-8"?>
<!-- Generated by org.testng.reporters.JUnitReportReporter -->
<testsuite skipped="0" hostname="Shays-Air.lan" name="com.test.base_project.NewTest" tests="1" failures="0" timestamp="12 Feb 2019 10:47:35 GMT" time="4.718" errors="0">
  <testcase name="wishTripScenario" time="4.718" classname="com.test.base_project.NewTest"/>
</testsuite> <!-- com.test.base_project.NewTest -->
